TN:
SF:src/Note.ts
FN:11,(anonymous_0)
FNF:1
FNH:1
FNDA:3,(anonymous_0)
DA:4,1
DA:11,3
LF:2
LH:2
BRF:0
BRH:0
end_of_record
TN:
SF:src/NoteManager.ts
FN:14,(anonymous_0)
FN:15,(anonymous_1)
FN:28,(anonymous_2)
FN:49,(anonymous_3)
FN:59,(anonymous_4)
FN:74,(anonymous_5)
FN:78,(anonymous_6)
FN:89,(anonymous_7)
FN:94,(anonymous_8)
FN:112,(anonymous_9)
FN:115,(anonymous_10)
FN:130,(anonymous_11)
FNF:12
FNH:10
FNDA:0,(anonymous_0)
FNDA:0,(anonymous_1)
FNDA:7,(anonymous_2)
FNDA:11,(anonymous_3)
FNDA:2,(anonymous_4)
FNDA:1,(anonymous_5)
FNDA:2,(anonymous_6)
FNDA:2,(anonymous_7)
FNDA:2,(anonymous_8)
FNDA:2,(anonymous_9)
FNDA:3,(anonymous_10)
FNDA:11,(anonymous_11)
DA:1,1
DA:2,1
DA:9,1
DA:15,0
DA:16,0
DA:17,0
DA:19,0
DA:29,7
DA:31,0
DA:32,0
DA:35,7
DA:37,7
DA:38,13
DA:39,4
DA:41,3
DA:50,11
DA:51,11
DA:60,2
DA:61,1
DA:62,1
DA:63,1
DA:64,1
DA:67,1
DA:75,1
DA:76,1
DA:77,1
DA:78,1
DA:79,2
DA:81,1
DA:90,2
DA:92,2
DA:93,1
DA:94,1
DA:95,2
DA:97,1
DA:98,1
DA:101,1
DA:104,1
DA:113,2
DA:114,1
DA:115,3
DA:116,1
DA:117,1
DA:118,1
DA:121,1
DA:131,11
DA:133,6
DA:135,1
DA:137,0
DA:139,4
DA:142,0
LF:51
LH:43
BRDA:16,0,0,0
BRDA:16,0,1,0
BRDA:29,1,0,0
BRDA:29,1,1,7
BRDA:38,2,0,4
BRDA:38,2,1,9
BRDA:60,3,0,1
BRDA:60,3,1,1
BRDA:92,4,0,1
BRDA:92,4,1,1
BRDA:95,5,0,1
BRDA:95,5,1,1
BRDA:113,6,0,1
BRDA:113,6,1,1
BRDA:131,7,0,6
BRDA:131,7,1,1
BRDA:131,7,2,0
BRDA:131,7,3,4
BRF:18
BRH:14
end_of_record
TN:
SF:src/Modificacion/AddReduce.ts
FN:11,(anonymous_0)
FN:19,(anonymous_1)
FN:22,(anonymous_2)
FN:34,(anonymous_3)
FNF:4
FNH:4
FNDA:1,(anonymous_0)
FNDA:1,(anonymous_1)
FNDA:6,(anonymous_2)
FNDA:1,(anonymous_3)
DA:1,1
DA:6,1
DA:12,1
DA:20,1
DA:22,1
DA:23,6
DA:26,1
DA:27,1
DA:35,1
LF:9
LH:9
BRF:0
BRH:0
end_of_record
TN:
SF:src/Modificacion/DivReduce.ts
FN:11,(anonymous_0)
FN:19,(anonymous_1)
FN:22,(anonymous_2)
FN:34,(anonymous_3)
FNF:4
FNH:4
FNDA:1,(anonymous_0)
FNDA:1,(anonymous_1)
FNDA:6,(anonymous_2)
FNDA:1,(anonymous_3)
DA:1,1
DA:6,1
DA:12,1
DA:20,1
DA:22,1
DA:23,6
DA:26,1
DA:27,1
DA:35,1
LF:9
LH:9
BRF:0
BRH:0
end_of_record
TN:
SF:src/Modificacion/ProdReduce.ts
FN:11,(anonymous_0)
FN:19,(anonymous_1)
FN:22,(anonymous_2)
FN:34,(anonymous_3)
FNF:4
FNH:4
FNDA:1,(anonymous_0)
FNDA:1,(anonymous_1)
FNDA:6,(anonymous_2)
FNDA:1,(anonymous_3)
DA:1,1
DA:6,1
DA:12,1
DA:20,1
DA:22,1
DA:23,6
DA:26,1
DA:27,1
DA:35,1
LF:9
LH:9
BRF:0
BRH:0
end_of_record
TN:
SF:src/Modificacion/Reduce.ts
FN:10,(anonymous_0)
FN:23,(anonymous_1)
FN:25,(anonymous_2)
FN:31,(anonymous_3)
FNF:4
FNH:4
FNDA:4,(anonymous_0)
FNDA:4,(anonymous_1)
FNDA:4,(anonymous_2)
FNDA:4,(anonymous_3)
DA:4,1
DA:10,4
DA:32,4
DA:33,4
DA:34,4
DA:35,4
LF:6
LH:6
BRDA:10,0,0,4
BRF:1
BRH:1
end_of_record
TN:
SF:src/Modificacion/SubReduce.ts
FN:11,(anonymous_0)
FN:19,(anonymous_1)
FN:22,(anonymous_2)
FN:34,(anonymous_3)
FNF:4
FNH:4
FNDA:1,(anonymous_0)
FNDA:1,(anonymous_1)
FNDA:6,(anonymous_2)
FNDA:1,(anonymous_3)
DA:1,1
DA:6,1
DA:12,1
DA:20,1
DA:22,1
DA:23,6
DA:26,1
DA:27,1
DA:35,1
LF:9
LH:9
BRF:0
BRH:0
end_of_record
