TN:
SF:src/AddReduce.ts
FN:11,(anonymous_0)
FN:19,(anonymous_1)
FN:22,(anonymous_2)
FN:34,(anonymous_3)
FNF:4
FNH:4
FNDA:1,(anonymous_0)
FNDA:1,(anonymous_1)
FNDA:6,(anonymous_2)
FNDA:1,(anonymous_3)
DA:1,1
DA:6,1
DA:12,1
DA:20,1
DA:22,1
DA:23,6
DA:26,1
DA:27,1
DA:35,1
LF:9
LH:9
BRF:0
BRH:0
end_of_record
TN:
SF:src/DivReduce.ts
FN:11,(anonymous_0)
FN:19,(anonymous_1)
FN:22,(anonymous_2)
FN:34,(anonymous_3)
FNF:4
FNH:4
FNDA:1,(anonymous_0)
FNDA:1,(anonymous_1)
FNDA:6,(anonymous_2)
FNDA:1,(anonymous_3)
DA:1,1
DA:6,1
DA:12,1
DA:20,1
DA:22,1
DA:23,6
DA:26,1
DA:27,1
DA:35,1
LF:9
LH:9
BRF:0
BRH:0
end_of_record
TN:
SF:src/ProdReduce.ts
FN:11,(anonymous_0)
FN:19,(anonymous_1)
FN:22,(anonymous_2)
FN:34,(anonymous_3)
FNF:4
FNH:4
FNDA:1,(anonymous_0)
FNDA:1,(anonymous_1)
FNDA:6,(anonymous_2)
FNDA:1,(anonymous_3)
DA:1,1
DA:6,1
DA:12,1
DA:20,1
DA:22,1
DA:23,6
DA:26,1
DA:27,1
DA:35,1
LF:9
LH:9
BRF:0
BRH:0
end_of_record
TN:
SF:src/Reduce.ts
FN:10,(anonymous_0)
FN:19,(anonymous_1)
FN:21,(anonymous_2)
FN:23,(anonymous_3)
FNF:4
FNH:4
FNDA:4,(anonymous_0)
FNDA:4,(anonymous_1)
FNDA:4,(anonymous_2)
FNDA:4,(anonymous_3)
DA:4,1
DA:10,4
DA:24,4
DA:25,4
DA:26,4
DA:27,4
LF:6
LH:6
BRDA:10,0,0,4
BRF:1
BRH:1
end_of_record
TN:
SF:src/SubReduce.ts
FN:11,(anonymous_0)
FN:19,(anonymous_1)
FN:22,(anonymous_2)
FN:34,(anonymous_3)
FNF:4
FNH:4
FNDA:1,(anonymous_0)
FNDA:1,(anonymous_1)
FNDA:6,(anonymous_2)
FNDA:1,(anonymous_3)
DA:1,1
DA:6,1
DA:12,1
DA:20,1
DA:22,1
DA:23,6
DA:26,1
DA:27,1
DA:35,1
LF:9
LH:9
BRF:0
BRH:0
end_of_record
